<?xml version="1.0" encoding="UTF-8"?>
<!-- Generated by org.testng.reporters.JUnitXMLReporter -->
<testsuite hostname="ip-172-31-32-197" ignored="0" name="AmazonTest" tests="4" failures="0" timestamp="2021-07-14T14:51:42 UTC" time="22.036" errors="0">
  <testcase name="testAmazonHomeSourceURL" time="0.214" classname="com.webapp.test.amazon.AmazonHompageTest"/>
  <testcase name="testAmazonHomepageTitle" time="0.174" classname="com.webapp.test.amazon.AmazonHompageTest"/>
  <testcase name="testAmazonFashionLinkNavigation" time="4.916" classname="com.webapp.test.amazon.AmazonNavLinkTest"/>
  <testcase name="testAmazonMobileLinkNavigation" time="5.211" classname="com.webapp.test.amazon.AmazonNavLinkTest"/>
</testsuite> <!-- AmazonTest -->
